current directory: /Users/mikekruszewski/Development/flatiron/ORM/pokemon-scraper-v-000/.bundle/gems/nokogiri-1.6.8/ext/nokogiri
/Users/mikekruszewski/.rvm/rubies/ruby-2.5.0/bin/ruby -r ./siteconf20180305-24309-b5thyl.rb extconf.rb
Using pkg-config version 1.1.7
checking if the C compiler accepts ... yes
checking if the C compiler accepts -Wno-error=unused-command-line-argument-hard-error-in-future... no
Building nokogiri using packaged libraries.
Using mini_portile version 2.1.0
checking for iconv.h... yes
checking for gzdopen() in -lz... yes
checking for iconv using --with-opt-* flags... yes
************************************************************************
IMPORTANT NOTICE:

Building Nokogiri with a packaged version of libxml2-2.9.4.

Team Nokogiri will keep on doing their best to provide security
updates in a timely manner, but if this is a concern for you and want
to use the system library instead; abort this installation process and
reinstall nokogiri as follows:

    gem install nokogiri -- --use-system-libraries
        [--with-xml2-config=/path/to/xml2-config]
        [--with-xslt-config=/path/to/xslt-config]

If you are using Bundler, tell it to use the option:

    bundle config build.nokogiri --use-system-libraries
    bundle install

Note, however, that nokogiri is not fully compatible with arbitrary
versions of libxml2 provided by OS/package vendors.
************************************************************************
Extracting libxml2-2.9.4.tar.gz into tmp/x86_64-apple-darwin17.2.0/ports/libxml2/2.9.4... OK
Running 'configure' for libxml2 2.9.4... OK
Running 'compile' for libxml2 2.9.4... OK
Running 'install' for libxml2 2.9.4... OK
Activating libxml2 2.9.4 (from /Users/mikekruszewski/Development/flatiron/ORM/pokemon-scraper-v-000/.bundle/gems/nokogiri-1.6.8/ports/x86_64-apple-darwin17.2.0/libxml2/2.9.4)...
************************************************************************
IMPORTANT NOTICE:

Building Nokogiri with a packaged version of libxslt-1.1.29.

Team Nokogiri will keep on doing their best to provide security
updates in a timely manner, but if this is a concern for you and want
to use the system library instead; abort this installation process and
reinstall nokogiri as follows:

    gem install nokogiri -- --use-system-libraries
        [--with-xml2-config=/path/to/xml2-config]
        [--with-xslt-config=/path/to/xslt-config]

If you are using Bundler, tell it to use the option:

    bundle config build.nokogiri --use-system-libraries
    bundle install
************************************************************************
Extracting libxslt-1.1.29.tar.gz into tmp/x86_64-apple-darwin17.2.0/ports/libxslt/1.1.29... OK
Running 'configure' for libxslt 1.1.29... OK
Running 'compile' for libxslt 1.1.29... OK
Running 'install' for libxslt 1.1.29... OK
Activating libxslt 1.1.29 (from /Users/mikekruszewski/Development/flatiron/ORM/pokemon-scraper-v-000/.bundle/gems/nokogiri-1.6.8/ports/x86_64-apple-darwin17.2.0/libxslt/1.1.29)...
checking for -llzma... yes
checking for xmlParseDoc() in libxml/parser.h... yes
checking for xsltParseStylesheetDoc() in libxslt/xslt.h... yes
checking for exsltFuncRegister() in libexslt/exslt.h... yes
checking for xmlHasFeature()... yes
checking for xmlFirstElementChild()... yes
checking for xmlRelaxNGSetParserStructuredErrors()... yes
checking for xmlRelaxNGSetParserStructuredErrors()... yes
checking for xmlRelaxNGSetValidStructuredErrors()... yes
checking for xmlSchemaSetValidStructuredErrors()... yes
checking for xmlSchemaSetParserStructuredErrors()... yes
creating Makefile

current directory: /Users/mikekruszewski/Development/flatiron/ORM/pokemon-scraper-v-000/.bundle/gems/nokogiri-1.6.8/ext/nokogiri
make "DESTDIR=" clean

current directory: /Users/mikekruszewski/Development/flatiron/ORM/pokemon-scraper-v-000/.bundle/gems/nokogiri-1.6.8/ext/nokogiri
make "DESTDIR="
compiling html_document.c
In file included from html_document.c:1:
In file included from ./html_document.h:4:
./nokogiri.h:39:11: warning: 'MAYBE_UNUSED' macro redefined [-Wmacro-redefined]
#  define MAYBE_UNUSED(name) name __attribute__((unused))
          ^
/Users/mikekruszewski/.rvm/rubies/ruby-2.5.0/include/ruby-2.5.0/x86_64-darwin17/ruby/config.h:132:9: note: previous definition is here
#define MAYBE_UNUSED(x) __attribute__ ((__unused__)) x
        ^
1 warning generated.
compiling html_element_description.c
In file included from html_element_description.c:1:
In file included from ./html_element_description.h:4:
./nokogiri.h:39:11: warning: 'MAYBE_UNUSED' macro redefined [-Wmacro-redefined]
#  define MAYBE_UNUSED(name) name __attribute__((unused))
          ^
/Users/mikekruszewski/.rvm/rubies/ruby-2.5.0/include/ruby-2.5.0/x86_64-darwin17/ruby/config.h:132:9: note: previous definition is here
#define MAYBE_UNUSED(x) __attribute__ ((__unused__)) x
        ^
html_element_description.c:252:48: warning: cast from 'const struct _htmlElemDesc *' to 'void *' drops const qualifier [-Wcast-qual]
  return Data_Wrap_Struct(klass, 0, 0, (void *)description);
                                               ^
2 warnings generated.
compiling html_entity_lookup.c
In file included from html_entity_lookup.c:1:
In file included from ./html_entity_lookup.h:4:
./nokogiri.h:39:11: warning: 'MAYBE_UNUSED' macro redefined [-Wmacro-redefined]
#  define MAYBE_UNUSED(name) name __attribute__((unused))
          ^
/Users/mikekruszewski/.rvm/rubies/ruby-2.5.0/include/ruby-2.5.0/x86_64-darwin17/ruby/config.h:132:9: note: previous definition is here
#define MAYBE_UNUSED(x) __attribute__ ((__unused__)) x
        ^
1 warning generated.
compiling html_sax_parser_context.c
In file included from html_sax_parser_context.c:1:
In file included from ./html_sax_parser_context.h:4:
./nokogiri.h:39:11: warning: 'MAYBE_UNUSED' macro redefined [-Wmacro-redefined]
#  define MAYBE_UNUSED(name) name __attribute__((unused))
          ^
/Users/mikekruszewski/.rvm/rubies/ruby-2.5.0/include/ruby-2.5.0/x86_64-darwin17/ruby/config.h:132:9: note: previous definition is here
#define MAYBE_UNUSED(x) __attribute__ ((__unused__)) x
        ^
1 warning generated.
compiling html_sax_push_parser.c
In file included from html_sax_push_parser.c:1:
In file included from ./html_sax_push_parser.h:4:
./nokogiri.h:39:11: warning: 'MAYBE_UNUSED' macro redefined [-Wmacro-redefined]
#  define MAYBE_UNUSED(name) name __attribute__((unused))
          ^
/Users/mikekruszewski/.rvm/rubies/ruby-2.5.0/include/ruby-2.5.0/x86_64-darwin17/ruby/config.h:132:9: note: previous definition is here
#define MAYBE_UNUSED(x) __attribute__ ((__unused__)) x
        ^
1 warning generated.
compiling nokogiri.c
In file included from nokogiri.c:1:
./nokogiri.h:39:11: warning: 'MAYBE_UNUSED' macro redefined [-Wmacro-redefined]
#  define MAYBE_UNUSED(name) name __attribute__((unused))
          ^
/Users/mikekruszewski/.rvm/rubies/ruby-2.5.0/include/ruby-2.5.0/x86_64-darwin17/ruby/config.h:132:9: note: previous definition is here
#define MAYBE_UNUSED(x) __attribute__ ((__unused__)) x
        ^
1 warning generated.
compiling xml_attr.c
In file included from xml_attr.c:1:
In file included from ./xml_attr.h:4:
./nokogiri.h:39:11: warning: 'MAYBE_UNUSED' macro redefined [-Wmacro-redefined]
#  define MAYBE_UNUSED(name) name __attribute__((unused))
          ^
/Users/mikekruszewski/.rvm/rubies/ruby-2.5.0/include/ruby-2.5.0/x86_64-darwin17/ruby/config.h:132:9: note: previous definition is here
#define MAYBE_UNUSED(x) __attribute__ ((__unused__)) x
        ^
1 warning generated.
compiling xml_attribute_decl.c
In file included from xml_attribute_decl.c:1:
In file included from ./xml_attribute_decl.h:4:
./nokogiri.h:39:11: warning: 'MAYBE_UNUSED' macro redefined [-Wmacro-redefined]
#  define MAYBE_UNUSED(name) name __attribute__((unused))
          ^
/Users/mikekruszewski/.rvm/rubies/ruby-2.5.0/include/ruby-2.5.0/x86_64-darwin17/ruby/config.h:132:9: note: previous definition is here
#define MAYBE_UNUSED(x) __attribute__ ((__unused__)) x
        ^
1 warning generated.
compiling xml_cdata.c
In file included from xml_cdata.c:1:
In file included from ./xml_cdata.h:4:
./nokogiri.h:39:11: warning: 'MAYBE_UNUSED' macro redefined [-Wmacro-redefined]
#  define MAYBE_UNUSED(name) name __attribute__((unused))
          ^
/Users/mikekruszewski/.rvm/rubies/ruby-2.5.0/include/ruby-2.5.0/x86_64-darwin17/ruby/config.h:132:9: note: previous definition is here
#define MAYBE_UNUSED(x) __attribute__ ((__unused__)) x
        ^
1 warning generated.
compiling xml_comment.c
In file included from xml_comment.c:1:
In file included from ./xml_comment.h:4:
./nokogiri.h:39:11: warning: 'MAYBE_UNUSED' macro redefined [-Wmacro-redefined]
#  define MAYBE_UNUSED(name) name __attribute__((unused))
          ^
/Users/mikekruszewski/.rvm/rubies/ruby-2.5.0/include/ruby-2.5.0/x86_64-darwin17/ruby/config.h:132:9: note: previous definition is here
#define MAYBE_UNUSED(x) __attribute__ ((__unused__)) x
        ^
1 warning generated.
compiling xml_document.c
In file included from xml_document.c:1:
In file included from ./xml_document.h:4:
./nokogiri.h:39:11: warning: 'MAYBE_UNUSED' macro redefined [-Wmacro-redefined]
#  define MAYBE_UNUSED(name) name __attribute__((unused))
          ^
/Users/mikekruszewski/.rvm/rubies/ruby-2.5.0/include/ruby-2.5.0/x86_64-darwin17/ruby/config.h:132:9: note: previous definition is here
#define MAYBE_UNUSED(x) __attribute__ ((__unused__)) x
        ^
xml_document.c:182:21: warning: cast from 'const unsigned char *' to 'char *' drops const qualifier [-Wcast-qual]
      free((char *) doc->encoding); /* this may produce a gcc cast warning */
                    ^
xml_document.c:535:26: warning: cast from 'const char *' to 'unsigned char *' drops const qualifier [-Wcast-qual]
      ns[i] = (xmlChar*) ptr;
                         ^
3 warnings generated.
compiling xml_document_fragment.c
In file included from xml_document_fragment.c:1:
In file included from ./xml_document_fragment.h:4:
./nokogiri.h:39:11: warning: 'MAYBE_UNUSED' macro redefined [-Wmacro-redefined]
#  define MAYBE_UNUSED(name) name __attribute__((unused))
          ^
/Users/mikekruszewski/.rvm/rubies/ruby-2.5.0/include/ruby-2.5.0/x86_64-darwin17/ruby/config.h:132:9: note: previous definition is here
#define MAYBE_UNUSED(x) __attribute__ ((__unused__)) x
        ^
1 warning generated.
compiling xml_dtd.c
In file included from xml_dtd.c:1:
In file included from ./xml_dtd.h:4:
./nokogiri.h:39:11: warning: 'MAYBE_UNUSED' macro redefined [-Wmacro-redefined]
#  define MAYBE_UNUSED(name) name __attribute__((unused))
          ^
/Users/mikekruszewski/.rvm/rubies/ruby-2.5.0/include/ruby-2.5.0/x86_64-darwin17/ruby/config.h:132:9: note: previous definition is here
#define MAYBE_UNUSED(x) __attribute__ ((__unused__)) x
        ^
1 warning generated.
compiling xml_element_content.c
In file included from xml_element_content.c:1:
In file included from ./xml_element_content.h:4:
./nokogiri.h:39:11: warning: 'MAYBE_UNUSED' macro redefined [-Wmacro-redefined]
#  define MAYBE_UNUSED(name) name __attribute__((unused))
          ^
/Users/mikekruszewski/.rvm/rubies/ruby-2.5.0/include/ruby-2.5.0/x86_64-darwin17/ruby/config.h:132:9: note: previous definition is here
#define MAYBE_UNUSED(x) __attribute__ ((__unused__)) x
        ^
1 warning generated.
compiling xml_element_decl.c
In file included from xml_element_decl.c:1:
In file included from ./xml_element_decl.h:4:
./nokogiri.h:39:11: warning: 'MAYBE_UNUSED' macro redefined [-Wmacro-redefined]
#  define MAYBE_UNUSED(name) name __attribute__((unused))
          ^
/Users/mikekruszewski/.rvm/rubies/ruby-2.5.0/include/ruby-2.5.0/x86_64-darwin17/ruby/config.h:132:9: note: previous definition is here
#define MAYBE_UNUSED(x) __attribute__ ((__unused__)) x
        ^
1 warning generated.
compiling xml_encoding_handler.c
In file included from xml_encoding_handler.c:1:
In file included from ./xml_encoding_handler.h:4:
./nokogiri.h:39:11: warning: 'MAYBE_UNUSED' macro redefined [-Wmacro-redefined]
#  define MAYBE_UNUSED(name) name __attribute__((unused))
          ^
/Users/mikekruszewski/.rvm/rubies/ruby-2.5.0/include/ruby-2.5.0/x86_64-darwin17/ruby/config.h:132:9: note: previous definition is here
#define MAYBE_UNUSED(x) __attribute__ ((__unused__)) x
        ^
1 warning generated.
compiling xml_entity_decl.c
In file included from xml_entity_decl.c:1:
In file included from ./xml_entity_decl.h:4:
./nokogiri.h:39:11: warning: 'MAYBE_UNUSED' macro redefined [-Wmacro-redefined]
#  define MAYBE_UNUSED(name) name __attribute__((unused))
          ^
/Users/mikekruszewski/.rvm/rubies/ruby-2.5.0/include/ruby-2.5.0/x86_64-darwin17/ruby/config.h:132:9: note: previous definition is here
#define MAYBE_UNUSED(x) __attribute__ ((__unused__)) x
        ^
1 warning generated.
compiling xml_entity_reference.c
In file included from xml_entity_reference.c:1:
In file included from ./xml_entity_reference.h:4:
./nokogiri.h:39:11: warning: 'MAYBE_UNUSED' macro redefined [-Wmacro-redefined]
#  define MAYBE_UNUSED(name) name __attribute__((unused))
          ^
/Users/mikekruszewski/.rvm/rubies/ruby-2.5.0/include/ruby-2.5.0/x86_64-darwin17/ruby/config.h:132:9: note: previous definition is here
#define MAYBE_UNUSED(x) __attribute__ ((__unused__)) x
        ^
1 warning generated.
compiling xml_io.c
In file included from xml_io.c:1:
In file included from ./xml_io.h:4:
./nokogiri.h:39:11: warning: 'MAYBE_UNUSED' macro redefined [-Wmacro-redefined]
#  define MAYBE_UNUSED(name) name __attribute__((unused))
          ^
/Users/mikekruszewski/.rvm/rubies/ruby-2.5.0/include/ruby-2.5.0/x86_64-darwin17/ruby/config.h:132:9: note: previous definition is here
#define MAYBE_UNUSED(x) __attribute__ ((__unused__)) x
        ^
1 warning generated.
compiling xml_libxml2_hacks.c
compiling xml_namespace.c
In file included from xml_namespace.c:1:
In file included from ./xml_namespace.h:4:
./nokogiri.h:39:11: warning: 'MAYBE_UNUSED' macro redefined [-Wmacro-redefined]
#  define MAYBE_UNUSED(name) name __attribute__((unused))
          ^
/Users/mikekruszewski/.rvm/rubies/ruby-2.5.0/include/ruby-2.5.0/x86_64-darwin17/ruby/config.h:132:9: note: previous definition is here
#define MAYBE_UNUSED(x) __attribute__ ((__unused__)) x
        ^
xml_namespace.c:17:24: warning: cast from 'const unsigned char *' to 'unsigned char *' drops const qualifier [-Wcast-qual]
    xmlFree((xmlChar *)ns->href);
                       ^
xml_namespace.c:20:24: warning: cast from 'const unsigned char *' to 'unsigned char *' drops const qualifier [-Wcast-qual]
    xmlFree((xmlChar *)ns->prefix);
                       ^
xml_namespace.c:67:49: warning: incompatible pointer types passing 'struct _xmlNs *' to parameter of type 'xmlNodePtr' (aka 'struct _xmlNode *') [-Wincompatible-pointer-types]
  return (node->next && ! Nokogiri_namespace_eh(node->next));
                                                ^~~~~~~~~~
xml_namespace.c:27:38: note: passing argument to parameter 'node' here
int Nokogiri_namespace_eh(xmlNodePtr node)
                                     ^
4 warnings generated.
compiling xml_node.c
In file included from xml_node.c:1:
In file included from ./xml_node.h:4:
./nokogiri.h:39:11: warning: 'MAYBE_UNUSED' macro redefined [-Wmacro-redefined]
#  define MAYBE_UNUSED(name) name __attribute__((unused))
          ^
/Users/mikekruszewski/.rvm/rubies/ruby-2.5.0/include/ruby-2.5.0/x86_64-darwin17/ruby/config.h:132:9: note: previous definition is here
#define MAYBE_UNUSED(x) __attribute__ ((__unused__)) x
        ^
xml_node.c:170:15: warning: 14 enumeration values not handled in switch: 'XML_ATTRIBUTE_NODE', 'XML_ENTITY_NODE', 'XML_DOCUMENT_NODE'... [-Wswitch]
      switch (reparentee->type) {
              ^
xml_node.c:170:15: note: add missing switch cases
      switch (reparentee->type) {
              ^
xml_node.c:188:15: warning: 15 enumeration values not handled in switch: 'XML_ATTRIBUTE_NODE', 'XML_ENTITY_NODE', 'XML_DOCUMENT_NODE'... [-Wswitch]
      switch (reparentee->type) {
              ^
xml_node.c:188:15: note: add missing switch cases
      switch (reparentee->type) {
              ^
xml_node.c:199:15: warning: 19 enumeration values not handled in switch: 'XML_ELEMENT_NODE', 'XML_ATTRIBUTE_NODE', 'XML_CDATA_SECTION_NODE'... [-Wswitch]
      switch (reparentee->type) {
              ^
xml_node.c:199:15: note: add missing switch cases
      switch (reparentee->type) {
              ^
xml_node.c:167:13: warning: 14 enumeration values not handled in switch: 'XML_CDATA_SECTION_NODE', 'XML_ENTITY_NODE', 'XML_PI_NODE'... [-Wswitch]
    switch (parent->type) {
            ^
xml_node.c:167:13: note: add missing switch cases
    switch (parent->type) {
            ^
5 warnings generated.
compiling xml_node_set.c
In file included from xml_node_set.c:1:
In file included from ./xml_node_set.h:4:
./nokogiri.h:39:11: warning: 'MAYBE_UNUSED' macro redefined [-Wmacro-redefined]
#  define MAYBE_UNUSED(name) name __attribute__((unused))
          ^
/Users/mikekruszewski/.rvm/rubies/ruby-2.5.0/include/ruby-2.5.0/x86_64-darwin17/ruby/config.h:132:9: note: previous definition is here
#define MAYBE_UNUSED(x) __attribute__ ((__unused__)) x
        ^
1 warning generated.
compiling xml_processing_instruction.c
In file included from xml_processing_instruction.c:1:
In file included from ./xml_processing_instruction.h:4:
./nokogiri.h:39:11: warning: 'MAYBE_UNUSED' macro redefined [-Wmacro-redefined]
#  define MAYBE_UNUSED(name) name __attribute__((unused))
          ^
/Users/mikekruszewski/.rvm/rubies/ruby-2.5.0/include/ruby-2.5.0/x86_64-darwin17/ruby/config.h:132:9: note: previous definition is here
#define MAYBE_UNUSED(x) __attribute__ ((__unused__)) x
        ^
1 warning generated.
compiling xml_reader.c
In file included from xml_reader.c:1:
In file included from ./xml_reader.h:4:
./nokogiri.h:39:11: warning: 'MAYBE_UNUSED' macro redefined [-Wmacro-redefined]
#  define MAYBE_UNUSED(name) name __attribute__((unused))
          ^
/Users/mikekruszewski/.rvm/rubies/ruby-2.5.0/include/ruby-2.5.0/x86_64-darwin17/ruby/config.h:132:9: note: previous definition is here
#define MAYBE_UNUSED(x) __attribute__ ((__unused__)) x
        ^
1 warning generated.
compiling xml_relax_ng.c
In file included from xml_relax_ng.c:1:
In file included from ./xml_relax_ng.h:4:
./nokogiri.h:39:11: warning: 'MAYBE_UNUSED' macro redefined [-Wmacro-redefined]
#  define MAYBE_UNUSED(name) name __attribute__((unused))
          ^
/Users/mikekruszewski/.rvm/rubies/ruby-2.5.0/include/ruby-2.5.0/x86_64-darwin17/ruby/config.h:132:9: note: previous definition is here
#define MAYBE_UNUSED(x) __attribute__ ((__unused__)) x
        ^
1 warning generated.
compiling xml_sax_parser.c
In file included from xml_sax_parser.c:1:
In file included from ./xml_sax_parser.h:4:
./nokogiri.h:39:11: warning: 'MAYBE_UNUSED' macro redefined [-Wmacro-redefined]
#  define MAYBE_UNUSED(name) name __attribute__((unused))
          ^
/Users/mikekruszewski/.rvm/rubies/ruby-2.5.0/include/ruby-2.5.0/x86_64-darwin17/ruby/config.h:132:9: note: previous definition is here
#define MAYBE_UNUSED(x) __attribute__ ((__unused__)) x
        ^
1 warning generated.
compiling xml_sax_parser_context.c
In file included from xml_sax_parser_context.c:1:
In file included from ./xml_sax_parser_context.h:4:
./nokogiri.h:39:11: warning: 'MAYBE_UNUSED' macro redefined [-Wmacro-redefined]
#  define MAYBE_UNUSED(name) name __attribute__((unused))
          ^
/Users/mikekruszewski/.rvm/rubies/ruby-2.5.0/include/ruby-2.5.0/x86_64-darwin17/ruby/config.h:132:9: note: previous definition is here
#define MAYBE_UNUSED(x) __attribute__ ((__unused__)) x
        ^
1 warning generated.
compiling xml_sax_push_parser.c
In file included from xml_sax_push_parser.c:1:
In file included from ./xml_sax_push_parser.h:4:
./nokogiri.h:39:11: warning: 'MAYBE_UNUSED' macro redefined [-Wmacro-redefined]
#  define MAYBE_UNUSED(name) name __attribute__((unused))
          ^
/Users/mikekruszewski/.rvm/rubies/ruby-2.5.0/include/ruby-2.5.0/x86_64-darwin17/ruby/config.h:132:9: note: previous definition is here
#define MAYBE_UNUSED(x) __attribute__ ((__unused__)) x
        ^
1 warning generated.
compiling xml_schema.c
In file included from xml_schema.c:1:
In file included from ./xml_schema.h:4:
./nokogiri.h:39:11: warning: 'MAYBE_UNUSED' macro redefined [-Wmacro-redefined]
#  define MAYBE_UNUSED(name) name __attribute__((unused))
          ^
/Users/mikekruszewski/.rvm/rubies/ruby-2.5.0/include/ruby-2.5.0/x86_64-darwin17/ruby/config.h:132:9: note: previous definition is here
#define MAYBE_UNUSED(x) __attribute__ ((__unused__)) x
        ^
1 warning generated.
compiling xml_syntax_error.c
In file included from xml_syntax_error.c:1:
In file included from ./xml_syntax_error.h:4:
./nokogiri.h:39:11: warning: 'MAYBE_UNUSED' macro redefined [-Wmacro-redefined]
#  define MAYBE_UNUSED(name) name __attribute__((unused))
          ^
/Users/mikekruszewski/.rvm/rubies/ruby-2.5.0/include/ruby-2.5.0/x86_64-darwin17/ruby/config.h:132:9: note: previous definition is here
#define MAYBE_UNUSED(x) __attribute__ ((__unused__)) x
        ^
1 warning generated.
compiling xml_text.c
In file included from xml_text.c:1:
In file included from ./xml_text.h:4:
./nokogiri.h:39:11: warning: 'MAYBE_UNUSED' macro redefined [-Wmacro-redefined]
#  define MAYBE_UNUSED(name) name __attribute__((unused))
          ^
/Users/mikekruszewski/.rvm/rubies/ruby-2.5.0/include/ruby-2.5.0/x86_64-darwin17/ruby/config.h:132:9: note: previous definition is here
#define MAYBE_UNUSED(x) __attribute__ ((__unused__)) x
        ^
1 warning generated.
compiling xml_xpath_context.c
In file included from xml_xpath_context.c:1:
In file included from ./xml_xpath_context.h:4:
./nokogiri.h:39:11: warning: 'MAYBE_UNUSED' macro redefined [-Wmacro-redefined]
#  define MAYBE_UNUSED(name) name __attribute__((unused))
          ^
/Users/mikekruszewski/.rvm/rubies/ruby-2.5.0/include/ruby-2.5.0/x86_64-darwin17/ruby/config.h:132:9: note: previous definition is here
#define MAYBE_UNUSED(x) __attribute__ ((__unused__)) x
        ^
1 warning generated.
compiling xslt_stylesheet.c
In file included from xslt_stylesheet.c:1:
In file included from ./xslt_stylesheet.h:4:
./nokogiri.h:39:11: warning: 'MAYBE_UNUSED' macro redefined [-Wmacro-redefined]
#  define MAYBE_UNUSED(name) name __attribute__((unused))
          ^
/Users/mikekruszewski/.rvm/rubies/ruby-2.5.0/include/ruby-2.5.0/x86_64-darwin17/ruby/config.h:132:9: note: previous definition is here
#define MAYBE_UNUSED(x) __attribute__ ((__unused__)) x
        ^
xslt_stylesheet.c:217:21: warning: incompatible pointer to integer conversion passing 'void *' to parameter of type 'VALUE' (aka 'unsigned long') [-Wint-conversion]
    Data_Get_Struct(ctxt->style->_private, nokogiriXsltStylesheetTuple,
                    ^~~~~~~~~~~~~~~~~~~~~
/Users/mikekruszewski/.rvm/rubies/ruby-2.5.0/include/ruby-2.5.0/ruby/ruby.h:1183:41: note: expanded from macro 'Data_Get_Struct'
    ((sval) = (type*)rb_data_object_get(obj))
                                        ^~~
/Users/mikekruszewski/.rvm/rubies/ruby-2.5.0/include/ruby-2.5.0/ruby/ruby.h:1354:26: note: passing argument to parameter 'obj' here
rb_data_object_get(VALUE obj)
                         ^
xslt_stylesheet.c:230:21: warning: incompatible pointer to integer conversion passing 'void *' to parameter of type 'VALUE' (aka 'unsigned long') [-Wint-conversion]
    Data_Get_Struct(ctxt->style->_private, nokogiriXsltStylesheetTuple,
                    ^~~~~~~~~~~~~~~~~~~~~
/Users/mikekruszewski/.rvm/rubies/ruby-2.5.0/include/ruby-2.5.0/ruby/ruby.h:1183:41: note: expanded from macro 'Data_Get_Struct'
    ((sval) = (type*)rb_data_object_get(obj))
                                        ^~~
/Users/mikekruszewski/.rvm/rubies/ruby-2.5.0/include/ruby-2.5.0/ruby/ruby.h:1354:26: note: passing argument to parameter 'obj' here
rb_data_object_get(VALUE obj)
                         ^
3 warnings generated.
linking shared-object nokogiri/nokogiri.bundle
Using pkg-config version 1.1.7
Cleaning files only used during build.
rm -rf /Users/mikekruszewski/Development/flatiron/ORM/pokemon-scraper-v-000/.bundle/gems/nokogiri-1.6.8/ext/nokogiri/tmp/x86_64-apple-darwin17.2.0/ports
rm -rf /Users/mikekruszewski/Development/flatiron/ORM/pokemon-scraper-v-000/.bundle/gems/nokogiri-1.6.8/ports

current directory: /Users/mikekruszewski/Development/flatiron/ORM/pokemon-scraper-v-000/.bundle/gems/nokogiri-1.6.8/ext/nokogiri
make "DESTDIR=" install
/usr/local/opt/coreutils/bin/ginstall -c -m 0755 nokogiri.bundle ./.gem.20180305-24309-yguz67/nokogiri
